\BOOKMARK [1][-]{section.1}{Abstract}{}% 1
\BOOKMARK [1][-]{section.2}{Introduction}{}% 2
\BOOKMARK [1][-]{section.3}{Temperature\040Model}{}% 3
\BOOKMARK [2][-]{subsection.3.1}{Objective}{section.3}% 4
\BOOKMARK [2][-]{subsection.3.2}{Data\040Source}{section.3}% 5
\BOOKMARK [2][-]{subsection.3.3}{Data\040adjustment}{section.3}% 6
\BOOKMARK [2][-]{subsection.3.4}{Starting\040from\040arima\040model}{section.3}% 7
\BOOKMARK [2][-]{subsection.3.5}{Long-Memory\040Model}{section.3}% 8
\BOOKMARK [2][-]{subsection.3.6}{More\040remark\040on\040the\040long-memory\040effect}{section.3}% 9
\BOOKMARK [2][-]{subsection.3.7}{Solving\040Heterodasticity:\040Standard\040GARCH}{section.3}% 10
\BOOKMARK [2][-]{subsection.3.8}{Conclusion\040on\040temperature\040model}{section.3}% 11
\BOOKMARK [1][-]{section.4}{CO2\040Model}{}% 12
\BOOKMARK [1][-]{section.5}{Conclusion}{}% 13
\BOOKMARK [1][-]{section.6}{Appendix}{}% 14
\BOOKMARK [2][-]{subsection.6.1}{R\040Code}{section.6}% 15
\BOOKMARK [3][-]{subsubsection.6.1.1}{Data\040Adjustment}{subsection.6.1}% 16
\BOOKMARK [3][-]{subsubsection.6.1.2}{arima\040models}{subsection.6.1}% 17
\BOOKMARK [3][-]{subsubsection.6.1.3}{ARFIMA\040Model}{subsection.6.1}% 18
\BOOKMARK [3][-]{subsubsection.6.1.4}{Dealing\040with\040the\04024-lag\040anomaly}{subsection.6.1}% 19
\BOOKMARK [3][-]{subsubsection.6.1.5}{sGARCH\040Model}{subsection.6.1}% 20
\BOOKMARK [3][-]{subsubsection.6.1.6}{CO2\040Code\040and\040Results}{subsection.6.1}% 21
\BOOKMARK [3][-]{subsubsection.6.1.7}{CO2\040and\040temperature,\040Code\040and\040Results}{subsection.6.1}% 22
\BOOKMARK [2][-]{subsection.6.2}{Figures}{section.6}% 23
\BOOKMARK [3][-]{subsubsection.6.2.1}{Data\040adjustment}{subsection.6.2}% 24
\BOOKMARK [3][-]{subsubsection.6.2.2}{ARIMA\040Model}{subsection.6.2}% 25
\BOOKMARK [3][-]{subsubsection.6.2.3}{ARFIMA\040Model}{subsection.6.2}% 26
\BOOKMARK [3][-]{subsubsection.6.2.4}{More\040attempts\040on\040lag\04024}{subsection.6.2}% 27
\BOOKMARK [3][-]{subsubsection.6.2.5}{GARCH\040Model}{subsection.6.2}% 28
\BOOKMARK [3][-]{subsubsection.6.2.6}{CO2}{subsection.6.2}% 29
\BOOKMARK [2][-]{subsection.6.3}{Others}{section.6}% 30
\BOOKMARK [3][-]{subsubsection.6.3.1}{Details\040about\040decompose\(\)\040used\040in\040seasonal\040adjustment}{subsection.6.3}% 31
